<?xml version="1.0" encoding="utf-8"?><testsuites name="pytest tests"><testsuite name="pytest" errors="0" failures="0" skipped="0" tests="8" time="1.118" timestamp="2026-07-05T06:21:22.636730+00:00" hostname="agent-env-8d87c315-73a2-48d8-a022-9679da08c2f4"><testcase classname="tests.backend_test.TestTrack" name="test_track_ok" time="0.222" /><testcase classname="tests.backend_test.TestProfile" name="test_profile_shape" time="0.256" /><testcase classname="tests.backend_test.TestTrack" name="test_track_invalid_type" time="0.043" /><testcase classname="tests.backend_test.TestProfile" name="test_profile_experience_practo" time="0.040" /><testcase classname="tests.backend_test.TestContact" name="test_contact_success" time="0.319" /><testcase classname="tests.backend_test.TestAnalytics" name="test_analytics_invalid_token" time="0.041" /><testcase classname="tests.backend_test.TestAnalytics" name="test_analytics_valid_token" time="0.090" /><testcase classname="tests.backend_test.TestContact" name="test_contact_missing_field" time="0.041" /></testsuite></testsuites>