<?xml version="1.0" encoding="utf-8"?><testsuites name="pytest tests"><testsuite name="pytest" errors="0" failures="0" skipped="0" tests="9" time="1.456" timestamp="2026-07-05T05:56:04.780955+00:00" hostname="agent-env-8d87c315-73a2-48d8-a022-9679da08c2f4"><testcase classname="tests.backend_test.TestContact" name="test_contact_success_with_email" time="0.312" /><testcase classname="tests.backend_test.TestProfile" name="test_profile_status" time="0.147" /><testcase classname="tests.backend_test.TestProfile" name="test_resume_urls" time="0.043" /><testcase classname="tests.backend_test.TestProfile" name="test_practo_experience" time="0.041" /><testcase classname="tests.backend_test.TestProfile" name="test_featured_projects" time="0.041" /><testcase classname="tests.backend_test.TestProjects" name="test_projects_all" time="0.635" /><testcase classname="tests.backend_test.TestContact" name="test_contact_validation_missing_fields" time="0.063" /><testcase classname="tests.backend_test.TestContact" name="test_contact_validation_bad_email" time="0.040" /><testcase classname="tests.backend_test.TestProjects" name="test_projects_role_filter" time="0.041" /></testsuite></testsuites>